<?xml version="1.0" encoding="UTF-8"?>
<testsuite xmlns:xsi="http://www.w3.org/2001/XMLSchema-instance" xsi:noNamespaceSchemaLocation="https://maven.apache.org/surefire/maven-surefire-plugin/xsd/surefire-test-report-3.0.xsd" version="3.0" name="com.yourname.rtpredirect.AppTest" time="0.018" tests="1" errors="0" skipped="0" failures="0">
  <properties>
    <property name="java.specification.version" value="21"/>
    <property name="sun.jnu.encoding" value="UTF-8"/>
    <property name="java.class.path" value="/home/kiril/GitHub/плагин майнкрафт/mov/rtpredirectplugin/target/test-classes:/home/kiril/GitHub/плагин майнкрафт/mov/rtpredirectplugin/target/classes:/home/kiril/.m2/repository/junit/junit/3.8.1/junit-3.8.1.jar:/home/kiril/.m2/repository/io/papermc/paper/paper-api/1.20.1-R0.1-SNAPSHOT/paper-api-1.20.1-R0.1-SNAPSHOT.jar:/home/kiril/.m2/repository/com/google/guava/guava/31.1-jre/guava-31.1-jre.jar:/home/kiril/.m2/repository/com/google/guava/failureaccess/1.0.1/failureaccess-1.0.1.jar:/home/kiril/.m2/repository/com/google/guava/listenablefuture/9999.0-empty-to-avoid-conflict-with-guava/listenablefuture-9999.0-empty-to-avoid-conflict-with-guava.jar:/home/kiril/.m2/repository/com/google/code/findbugs/jsr305/3.0.2/jsr305-3.0.2.jar:/home/kiril/.m2/repository/com/google/errorprone/error_prone_annotations/2.11.0/error_prone_annotations-2.11.0.jar:/home/kiril/.m2/repository/com/google/j2objc/j2objc-annotations/1.3/j2objc-annotations-1.3.jar:/home/kiril/.m2/repository/com/google/code/gson/gson/2.10/gson-2.10.jar:/home/kiril/.m2/repository/net/md-5/bungeecord-chat/1.20-R0.1-deprecated+build.14/bungeecord-chat-1.20-R0.1-deprecated+build.14.jar:/home/kiril/.m2/repository/org/yaml/snakeyaml/2.0/snakeyaml-2.0.jar:/home/kiril/.m2/repository/org/joml/joml/1.10.5/joml-1.10.5.jar:/home/kiril/.m2/repository/com/googlecode/json-simple/json-simple/1.1.1/json-simple-1.1.1.jar:/home/kiril/.m2/repository/it/unimi/dsi/fastutil/8.5.6/fastutil-8.5.6.jar:/home/kiril/.m2/repository/org/apache/logging/log4j/log4j-api/2.17.1/log4j-api-2.17.1.jar:/home/kiril/.m2/repository/org/slf4j/slf4j-api/1.8.0-beta4/slf4j-api-1.8.0-beta4.jar:/home/kiril/.m2/repository/org/apache/maven/maven-resolver-provider/3.8.5/maven-resolver-provider-3.8.5.jar:/home/kiril/.m2/repository/org/apache/maven/maven-model/3.8.5/maven-model-3.8.5.jar:/home/kiril/.m2/repository/org/apache/maven/maven-model-builder/3.8.5/maven-model-builder-3.8.5.jar:/home/kiril/.m2/repository/org/codehaus/plexus/plexus-interpolation/1.26/plexus-interpolation-1.26.jar:/home/kiril/.m2/repository/org/apache/maven/maven-artifact/3.8.5/maven-artifact-3.8.5.jar:/home/kiril/.m2/repository/org/apache/maven/maven-builder-support/3.8.5/maven-builder-support-3.8.5.jar:/home/kiril/.m2/repository/org/eclipse/sisu/org.eclipse.sisu.inject/0.3.5/org.eclipse.sisu.inject-0.3.5.jar:/home/kiril/.m2/repository/org/apache/maven/maven-repository-metadata/3.8.5/maven-repository-metadata-3.8.5.jar:/home/kiril/.m2/repository/org/apache/maven/resolver/maven-resolver-api/1.6.3/maven-resolver-api-1.6.3.jar:/home/kiril/.m2/repository/org/apache/maven/resolver/maven-resolver-spi/1.6.3/maven-resolver-spi-1.6.3.jar:/home/kiril/.m2/repository/org/apache/maven/resolver/maven-resolver-util/1.6.3/maven-resolver-util-1.6.3.jar:/home/kiril/.m2/repository/org/apache/maven/resolver/maven-resolver-impl/1.6.3/maven-resolver-impl-1.6.3.jar:/home/kiril/.m2/repository/org/apache/commons/commons-lang3/3.8.1/commons-lang3-3.8.1.jar:/home/kiril/.m2/repository/org/codehaus/plexus/plexus-utils/3.3.0/plexus-utils-3.3.0.jar:/home/kiril/.m2/repository/javax/inject/javax.inject/1/javax.inject-1.jar:/home/kiril/.m2/repository/net/kyori/adventure-api/4.14.0/adventure-api-4.14.0.jar:/home/kiril/.m2/repository/net/kyori/adventure-key/4.14.0/adventure-key-4.14.0.jar:/home/kiril/.m2/repository/net/kyori/examination-api/1.3.0/examination-api-1.3.0.jar:/home/kiril/.m2/repository/net/kyori/examination-string/1.3.0/examination-string-1.3.0.jar:/home/kiril/.m2/repository/org/jetbrains/annotations/24.0.1/annotations-24.0.1.jar:/home/kiril/.m2/repository/net/kyori/adventure-text-minimessage/4.14.0/adventure-text-minimessage-4.14.0.jar:/home/kiril/.m2/repository/net/kyori/adventure-text-serializer-gson/4.14.0/adventure-text-serializer-gson-4.14.0.jar:/home/kiril/.m2/repository/net/kyori/adventure-text-serializer-json/4.14.0/adventure-text-serializer-json-4.14.0.jar:/home/kiril/.m2/repository/net/kyori/adventure-text-serializer-legacy/4.14.0/adventure-text-serializer-legacy-4.14.0.jar:/home/kiril/.m2/repository/net/kyori/adventure-text-serializer-plain/4.14.0/adventure-text-serializer-plain-4.14.0.jar:/home/kiril/.m2/repository/net/kyori/adventure-text-logger-slf4j/4.14.0/adventure-text-logger-slf4j-4.14.0.jar:/home/kiril/.m2/repository/org/checkerframework/checker-qual/3.21.0/checker-qual-3.21.0.jar:/home/kiril/.m2/repository/org/ow2/asm/asm/9.4/asm-9.4.jar:/home/kiril/.m2/repository/org/ow2/asm/asm-commons/9.4/asm-commons-9.4.jar:/home/kiril/.m2/repository/org/ow2/asm/asm-tree/9.4/asm-tree-9.4.jar:"/>
    <property name="java.vm.vendor" value="Red Hat, Inc."/>
    <property name="sun.arch.data.model" value="64"/>
    <property name="java.vendor.url" value="https://www.redhat.com/"/>
    <property name="os.name" value="Linux"/>
    <property name="java.vm.specification.version" value="21"/>
    <property name="sun.java.launcher" value="SUN_STANDARD"/>
    <property name="user.country" value="UA"/>
    <property name="sun.boot.library.path" value="/usr/lib/jvm/java-21-openjdk/lib"/>
    <property name="sun.java.command" value="/home/kiril/GitHub/плагин майнкрафт/mov/rtpredirectplugin/target/surefire/surefirebooter-20250808205314588_3.jar /home/kiril/GitHub/плагин майнкрафт/mov/rtpredirectplugin/target/surefire 2025-08-08T20-53-14_530-jvmRun1 surefire-20250808205314588_1tmp surefire_0-20250808205314588_2tmp"/>
    <property name="jdk.debug" value="release"/>
    <property name="surefire.test.class.path" value="/home/kiril/GitHub/плагин майнкрафт/mov/rtpredirectplugin/target/test-classes:/home/kiril/GitHub/плагин майнкрафт/mov/rtpredirectplugin/target/classes:/home/kiril/.m2/repository/junit/junit/3.8.1/junit-3.8.1.jar:/home/kiril/.m2/repository/io/papermc/paper/paper-api/1.20.1-R0.1-SNAPSHOT/paper-api-1.20.1-R0.1-SNAPSHOT.jar:/home/kiril/.m2/repository/com/google/guava/guava/31.1-jre/guava-31.1-jre.jar:/home/kiril/.m2/repository/com/google/guava/failureaccess/1.0.1/failureaccess-1.0.1.jar:/home/kiril/.m2/repository/com/google/guava/listenablefuture/9999.0-empty-to-avoid-conflict-with-guava/listenablefuture-9999.0-empty-to-avoid-conflict-with-guava.jar:/home/kiril/.m2/repository/com/google/code/findbugs/jsr305/3.0.2/jsr305-3.0.2.jar:/home/kiril/.m2/repository/com/google/errorprone/error_prone_annotations/2.11.0/error_prone_annotations-2.11.0.jar:/home/kiril/.m2/repository/com/google/j2objc/j2objc-annotations/1.3/j2objc-annotations-1.3.jar:/home/kiril/.m2/repository/com/google/code/gson/gson/2.10/gson-2.10.jar:/home/kiril/.m2/repository/net/md-5/bungeecord-chat/1.20-R0.1-deprecated+build.14/bungeecord-chat-1.20-R0.1-deprecated+build.14.jar:/home/kiril/.m2/repository/org/yaml/snakeyaml/2.0/snakeyaml-2.0.jar:/home/kiril/.m2/repository/org/joml/joml/1.10.5/joml-1.10.5.jar:/home/kiril/.m2/repository/com/googlecode/json-simple/json-simple/1.1.1/json-simple-1.1.1.jar:/home/kiril/.m2/repository/it/unimi/dsi/fastutil/8.5.6/fastutil-8.5.6.jar:/home/kiril/.m2/repository/org/apache/logging/log4j/log4j-api/2.17.1/log4j-api-2.17.1.jar:/home/kiril/.m2/repository/org/slf4j/slf4j-api/1.8.0-beta4/slf4j-api-1.8.0-beta4.jar:/home/kiril/.m2/repository/org/apache/maven/maven-resolver-provider/3.8.5/maven-resolver-provider-3.8.5.jar:/home/kiril/.m2/repository/org/apache/maven/maven-model/3.8.5/maven-model-3.8.5.jar:/home/kiril/.m2/repository/org/apache/maven/maven-model-builder/3.8.5/maven-model-builder-3.8.5.jar:/home/kiril/.m2/repository/org/codehaus/plexus/plexus-interpolation/1.26/plexus-interpolation-1.26.jar:/home/kiril/.m2/repository/org/apache/maven/maven-artifact/3.8.5/maven-artifact-3.8.5.jar:/home/kiril/.m2/repository/org/apache/maven/maven-builder-support/3.8.5/maven-builder-support-3.8.5.jar:/home/kiril/.m2/repository/org/eclipse/sisu/org.eclipse.sisu.inject/0.3.5/org.eclipse.sisu.inject-0.3.5.jar:/home/kiril/.m2/repository/org/apache/maven/maven-repository-metadata/3.8.5/maven-repository-metadata-3.8.5.jar:/home/kiril/.m2/repository/org/apache/maven/resolver/maven-resolver-api/1.6.3/maven-resolver-api-1.6.3.jar:/home/kiril/.m2/repository/org/apache/maven/resolver/maven-resolver-spi/1.6.3/maven-resolver-spi-1.6.3.jar:/home/kiril/.m2/repository/org/apache/maven/resolver/maven-resolver-util/1.6.3/maven-resolver-util-1.6.3.jar:/home/kiril/.m2/repository/org/apache/maven/resolver/maven-resolver-impl/1.6.3/maven-resolver-impl-1.6.3.jar:/home/kiril/.m2/repository/org/apache/commons/commons-lang3/3.8.1/commons-lang3-3.8.1.jar:/home/kiril/.m2/repository/org/codehaus/plexus/plexus-utils/3.3.0/plexus-utils-3.3.0.jar:/home/kiril/.m2/repository/javax/inject/javax.inject/1/javax.inject-1.jar:/home/kiril/.m2/repository/net/kyori/adventure-api/4.14.0/adventure-api-4.14.0.jar:/home/kiril/.m2/repository/net/kyori/adventure-key/4.14.0/adventure-key-4.14.0.jar:/home/kiril/.m2/repository/net/kyori/examination-api/1.3.0/examination-api-1.3.0.jar:/home/kiril/.m2/repository/net/kyori/examination-string/1.3.0/examination-string-1.3.0.jar:/home/kiril/.m2/repository/org/jetbrains/annotations/24.0.1/annotations-24.0.1.jar:/home/kiril/.m2/repository/net/kyori/adventure-text-minimessage/4.14.0/adventure-text-minimessage-4.14.0.jar:/home/kiril/.m2/repository/net/kyori/adventure-text-serializer-gson/4.14.0/adventure-text-serializer-gson-4.14.0.jar:/home/kiril/.m2/repository/net/kyori/adventure-text-serializer-json/4.14.0/adventure-text-serializer-json-4.14.0.jar:/home/kiril/.m2/repository/net/kyori/adventure-text-serializer-legacy/4.14.0/adventure-text-serializer-legacy-4.14.0.jar:/home/kiril/.m2/repository/net/kyori/adventure-text-serializer-plain/4.14.0/adventure-text-serializer-plain-4.14.0.jar:/home/kiril/.m2/repository/net/kyori/adventure-text-logger-slf4j/4.14.0/adventure-text-logger-slf4j-4.14.0.jar:/home/kiril/.m2/repository/org/checkerframework/checker-qual/3.21.0/checker-qual-3.21.0.jar:/home/kiril/.m2/repository/org/ow2/asm/asm/9.4/asm-9.4.jar:/home/kiril/.m2/repository/org/ow2/asm/asm-commons/9.4/asm-commons-9.4.jar:/home/kiril/.m2/repository/org/ow2/asm/asm-tree/9.4/asm-tree-9.4.jar:"/>
    <property name="sun.cpu.endian" value="little"/>
    <property name="user.home" value="/home/kiril"/>
    <property name="user.language" value="uk"/>
    <property name="java.specification.vendor" value="Oracle Corporation"/>
    <property name="java.version.date" value="2025-07-15"/>
    <property name="java.home" value="/usr/lib/jvm/java-21-openjdk"/>
    <property name="file.separator" value="/"/>
    <property name="basedir" value="/home/kiril/GitHub/плагин майнкрафт/mov/rtpredirectplugin"/>
    <property name="java.vm.compressedOopsMode" value="Zero based"/>
    <property name="line.separator" value="&#10;"/>
    <property name="java.specification.name" value="Java Platform API Specification"/>
    <property name="java.vm.specification.vendor" value="Oracle Corporation"/>
    <property name="surefire.real.class.path" value="/home/kiril/GitHub/плагин майнкрафт/mov/rtpredirectplugin/target/surefire/surefirebooter-20250808205314588_3.jar"/>
    <property name="sun.management.compiler" value="HotSpot 64-Bit Tiered Compilers"/>
    <property name="java.runtime.version" value="21.0.8+9"/>
    <property name="user.name" value="kiril"/>
    <property name="stdout.encoding" value="UTF-8"/>
    <property name="path.separator" value=":"/>
    <property name="os.version" value="6.15.9-201.fc42.x86_64"/>
    <property name="java.runtime.name" value="OpenJDK Runtime Environment"/>
    <property name="file.encoding" value="UTF-8"/>
    <property name="java.vm.name" value="OpenJDK 64-Bit Server VM"/>
    <property name="java.vendor.version" value="(Red_Hat-21.0.8.0.9-1)"/>
    <property name="localRepository" value="/home/kiril/.m2/repository"/>
    <property name="java.vendor.url.bug" value="https://bugzilla.redhat.com/enter_bug.cgi?product=Fedora&amp;component=java-21-openjdk&amp;version=41"/>
    <property name="java.io.tmpdir" value="/tmp"/>
    <property name="java.version" value="21.0.8"/>
    <property name="user.dir" value="/home/kiril/GitHub/плагин майнкрафт/mov/rtpredirectplugin"/>
    <property name="os.arch" value="amd64"/>
    <property name="java.vm.specification.name" value="Java Virtual Machine Specification"/>
    <property name="native.encoding" value="UTF-8"/>
    <property name="java.library.path" value="/usr/java/packages/lib:/usr/lib64:/lib64:/lib:/usr/lib"/>
    <property name="java.vm.info" value="mixed mode, sharing"/>
    <property name="stderr.encoding" value="UTF-8"/>
    <property name="java.vendor" value="Red Hat, Inc."/>
    <property name="java.vm.version" value="21.0.8+9"/>
    <property name="sun.io.unicode.encoding" value="UnicodeLittle"/>
    <property name="java.class.version" value="65.0"/>
  </properties>
  <testcase name="testApp" classname="com.yourname.rtpredirect.AppTest" time="0.002"/>
</testsuite>